trace got data
dme got data
unbam found zmw: m54004_151201_015904/14155959/0_248 0 248 0 248 0 248
unbam found zmw: m54004_151201_015904/14155959/294_616 0 322 0 322 294 616
unbam found zmw: m54004_151201_015904/14155959/664_1000 0 336 0 336 664 1000
unbam found zmw: m54004_151201_015904/14155959/1046_1365 0 319 0 319 1046 1365
unbam found zmw: m54004_151201_015904/14155959/1405_1724 0 319 0 319 1405 1724
unbam found zmw: m54004_151201_015904/14155959/1770_2093 0 323 0 323 1770 2093
unbam found zmw: m54004_151201_015904/14155959/2132_2468 0 336 0 336 2132 2468
unbam found zmw: m54004_151201_015904/14155959/2516_2842 0 326 0 326 2516 2842
unbam found zmw: m54004_151201_015904/14155959/2881_3210 0 329 0 329 2881 3210
unbam found zmw: m54004_151201_015904/14155959/3254_3579 0 325 0 325 3254 3579
unbam found zmw: m54004_151201_015904/14155959/3622_3965 0 343 0 343 3622 3965
unbam found zmw: m54004_151201_015904/14155959/4012_4329 0 317 0 317 4012 4329
unbam found zmw: m54004_151201_015904/14155959/4380_4703 0 323 0 323 4380 4703
unbam found zmw: m54004_151201_015904/14155959/4751_5066 0 315 0 315 4751 5066
unbam found zmw: m54004_151201_015904/14155959/5106_5434 0 328 0 328 5106 5434
unbam found zmw: m54004_151201_015904/14155959/5479_5796 0 317 0 317 5479 5796
unbam found zmw: m54004_151201_015904/14155959/5838_6157 0 319 0 319 5838 6157
unbam found zmw: m54004_151201_015904/14155959/6201_6521 0 320 0 320 6201 6521
unbam found zmw: m54004_151201_015904/14155959/6567_6902 0 335 0 335 6567 6902
unbam found zmw: m54004_151201_015904/14155959/6946_7284 0 338 0 338 6946 7284
unbam found zmw: m54004_151201_015904/14155959/7330_7847 0 517 0 517 7330 7847
unbam found zmw: m54004_151201_015904/14155959/7890_8210 0 320 0 320 7890 8210
unbam got m54004_151201_015904/14155959/7890_8210
albam got hit rlen=307 err=0.338762 tid=All4mer.V2.44_circular_72x_l50256rc qid=m54004_151201_015904/14155959/7899_8206
alignCorresp: 7899 8206 6282 6610 -1
min/maxAlignedReadBase 9 316
windowMin/max 333 343
read start end 86 113 framewindow= 343040 344064
readbaseindex startframe pulsewidth refindex alignindex readbase alignrefbases
86 343170 18 [6534] [87] T T
87 343253 17 [6533] [88] T C
88 343285 11 [6532] [89] C C
89 343310 11 [6531] [90] T T
90 343362 10 [6530 6529] [91 92] A AT
91 343390 10 [6528] [93] G G
92 343435 6 [6527 6526] [94 95] T TG
93 343447 6 [6525] [96] T T
94 343522 7 [6524 6523] [97 98] C CA
95 343540 14 [6522] [99] T T
96 343556 8 [6521] [100] G G
97 343581 21 [6521] [101] T -
98 343613 12 [6521] [102] T -
99 343643 5 [6520] [103] G G
100 343650 45 [6519] [104] C A
101 343729 2 [6518] [105] G T
102 343733 10 [6517 6516 6515 6514 6513 6512 6511 6510 6509 6508 6507 6506 6505 6504 6503
 6502] [106 107 108 109 110 111 112 113 114 115 116 117 118 119 120 121] C CGCGATAGGCTTTTGC
103 343747 5 [6501 6500 6499] [122 123 124] T TAG
104 343776 14 [6498 6497 6496] [125 126 127] T TCG
105 343806 7 [6495 6494] [128 129] T TG
106 343878 15 [6493 6492] [130 131] C CG
107 343897 3 [6491] [132] C C
108 343926 21 [6490 6489 6488 6487 6486] [133 134 135 136 137] T TGCCG
109 343984 4 [6485] [138] T T
110 344006 2 [6484] [139] A A
111 344032 2 [6483] [140] A A
112 344060 7 [6482] [141] A A
dmedat {'Covariance': array([[  425.75561523,   855.87194824,    91.17189026],
       [  420.93200684,  4438.49316406,   684.98443604],
       [  567.44451904,  2361.00683594,   245.57675171],
       [ 4407.74609375,  1718.90112305,  1553.44543457],
       [ 4302.84960938,  2823.28027344,   919.92053223]], dtype=float32), 'BaselineMean': array([  70.08419037,  113.7734375 ], dtype=float32), 'MixtureFraction': array([ 0.65696335,  0.07060692,  0.1148188 ,  0.06279533,  0.09481551], dtype=float32), 'Mean': array([[   1.12031078,    1.74193811],
       [  10.62172699,  155.92045593],
       [  21.24345398,  311.84091187],
       [  66.22351074,   92.58131409],
       [ 103.47422028,  144.65829468]], dtype=float32)}
hmmst {'AA': 0.9411764705882353, '-G': 0.058823529411764705, '-A': 0.058823529411764705, 'C-': 0.007575757575757569, '-C': 0.058823529411764705, 'CC': 0.9411764705882353, 'TT': 0.9411764705882353, 'A-': 0.007575757575757569, 'GG': 0.9411764705882353, '-T': 0.058823529411764705, 'T-': 0.007575757575757569, '--': 0.9696969696969697, 'G-': 0.007575757575757569}
calling ref T 343041 343056 best T -199.356557484 next G -216.969117313 True qv 76.4903754588
calling ref C 343057 343109 best DEL -503.093365169 next G -505.998799966 False qv 12.618142999
calling ref C 343110 343169 best DEL -574.8684145 next A -577.425800067 False qv 11.1065843966
calling ref T 343170 343200 best T -365.652249348 next INSG -374.614603269 True qv 38.923008529
calling ref A 343201 343209 best G -81.2852267667 next T -81.3497704338 False qv 0.280309584626
calling ref T 343210 343245 best G -357.232794604 next DEL -357.612130691 False qv 1.64743569164
calling ref G 343246 343253 best G -76.6037518446 next T -77.1014406561 True qv 2.16143504564
calling ref T 343254 343263 best T -161.293134248 next G -170.913953923 True qv 41.7826889623
calling ref G 343264 343283 best T -210.248774017 next G -212.127072887 False qv 8.15734834275
calling ref T 343284 343285 best DEL -14.6756087133 next A -9.9e+99 False qv 4.29951537084e+100
calling ref C 343286 343299 best C -159.8866837 next INSA -172.792504813 True qv 56.0492689368
calling ref A 343300 343309 best DEL -93.7119840231 next A -97.796140608 False qv 17.7372666804
calling ref T 343310 343321 best T -170.418966411 next G -197.715509776 True qv 118.547381586
calling ref G 343322 343356 best DEL -332.651884969 next G -336.884599854 False qv 18.3824471818
calling ref G 343357 343362 best DEL -49.5566980441 next G -52.9787465942 False qv 14.8617680211
calling ref A 343363 343389 best A -286.751496579 next T -295.048041722 True qv 36.0314377474
calling ref T 343390 343412 best G -244.11814212 next T -244.312613826 False qv 0.844579888465
calling ref C 343413 343426 best DEL -126.449305906 next A -131.004396903 False qv 19.7825088469
calling ref G 343427 343430 best DEL -30.873758342 next G -33.9482261541 False qv 13.3522440557
calling ref C 343431 343434 best DEL -28.6462517018 next G -33.8428390988 False qv 22.5684923124
calling ref G 343435 343444 best T -112.102545532 next G -119.483545972 False qv 32.0552776174
calling ref A 343445 343446 best DEL -9.99521386911 next A -9.9e+99 False qv 4.29951537084e+100
calling ref T 343447 343483 best T -374.979940708 next INSG -383.498336387 True qv 36.994922383
calling ref A 343484 343500 best DEL -155.286389061 next G -158.837382488 False qv 15.4217685073
calling ref G 343501 343513 best DEL -117.325642387 next G -119.199641657 False qv 8.13867542217
calling ref G 343514 343521 best DEL -69.448477852 next G -72.8088664259 False qv 14.5939821469
calling ref C 343522 343539 best C -196.113556566 next INSG -205.661563822 True qv 41.466468643
calling ref T 343540 343555 best T -192.830044016 next G -202.079644002 True qv 40.1705023369
calling ref T 343556 343580 best T -259.719045171 next G -260.665246685 True qv 4.10930096613
calling ref T 343581 343612 best T -383.531519998 next INSG -393.834213583 True qv 44.7440297283
calling ref T 343613 343642 best T -329.232048863 next INSA -336.73965894 True qv 32.6051362863
calling ref G 343643 343649 best T -76.5144530548 next G -78.4628744003 False qv 8.46188638782
calling ref C 343650 343699 best C -592.19278341 next INSG -601.257471096 True qv 39.3674384228
calling ref T 343700 343713 best DEL -122.645062554 next G -125.332188235 False qv 11.670038555
calling ref A 343714 343717 best DEL -29.6068360459 next A -34.4467480764 False qv 21.0194708778
calling ref G 343718 343728 best DEL -97.1042300566 next G -101.560441494 False qv 19.3530803725
calling ref T 343729 343732 best G -38.8265261318 next T -39.336511253 False qv 2.21483723977
calling ref C 343733 343746 best C -149.588493015 next INSA -163.222212247 True qv 59.2104903014
calling ref G 343747 343775 best T -304.800089128 next G -311.440500942 False qv 28.838942083
calling ref T 343776 343805 best T -335.199780292 next INSA -345.451761835 True qv 44.523790126
calling ref G 343806 343878 best T -760.065583922 next G -764.251944965 False qv 18.1811350013
calling ref C 343879 343893 best C -222.562111805 next A -245.046277217 True qv 97.6474896843
calling ref G 343894 343896 best DEL -19.2761274494 next G -26.2579873012 False qv 30.3218320705
calling ref C 343897 343925 best C -288.308273099 next A -294.295137181 True qv 26.0006203457
calling ref T 343926 343983 best T -628.89697501 next INSA -630.494930163 True qv 6.93983105321
calling ref G 343984 344005 best T -212.917799032 next G -221.229309672 False qv 36.0964320716
calling ref C 344006 344017 best A -118.174175118 next C -119.15837435 False qv 4.27432295491
calling ref C 344018 344028 best A -104.271829297 next T -105.981747858 False qv 7.42608195392
calling ref G 344029 344031 best DEL -22.2965073916 next G -24.3393910384 False qv 8.87213094989
calling ref T 344032 344039 best A -82.3370436346 next T -86.860913285 False qv 19.64691626
calling ref A 344040 344054 best A -145.561801561 next T -147.28253801 True qv 7.47306344736
calling ref A 344055 344059 best A -41.7236720229 next T -42.5221301907 True qv 3.46765976311
